# JRE version: OpenJDK Runtime Environment Temurin-17.0.13+11 (17.0.13+11) (build 17.0.13+11)
# Java VM: OpenJDK 64-Bit Server VM Temurin-17.0.13+11 (17.0.13+11, mixed mode, tiered, compressed oops, compressed class ptrs, parallel gc, windows-amd64)
GC Precious Log:
 CPUs: 20 total, 20 available
 Memory: 65277M
 Large Page Support: Disabled
 NUMA Support: Disabled
 Compressed Oops: Enabled (32-bit)
 Alignments: Space 512K, Generation 512K, Heap 2M
 Heap Min Capacity: 100M
 Heap Initial Capacity: 100M
 Heap Max Capacity: 1G
 Pre-touch: Disabled
 Parallel Workers: 15
Heap:
 PSYoungGen      total 4608K, used 3675K [0x00000000eab00000, 0x00000000eb500000, 0x0000000100000000)
  eden space 2048K, 77% used [0x00000000eab00000,0x00000000eac8efe8,0x00000000ead00000)
  from space 2560K, 81% used [0x00000000eb280000,0x00000000eb488000,0x00000000eb500000)
  to   space 2560K, 0% used [0x00000000eb000000,0x00000000eb000000,0x00000000eb280000)
 ParOldGen       total 168960K, used 162849K [0x00000000c0000000, 0x00000000ca500000, 0x00000000eab00000)
  object space 168960K, 96% used [0x00000000c0000000,0x00000000c9f086e8,0x00000000ca500000)
 Metaspace       used 106752K, committed 108160K, reserved 1179648K
  class space    used 10232K, committed 10816K, reserved 1048576K
GC Heap History (20 events):
Event: 619714.482 GC heap before
{Heap before GC invocations=27397 (full 560):
 PSYoungGen      total 7680K, used 7392K [0x00000000eab00000, 0x00000000eb500000, 0x0000000100000000)
  eden space 7168K, 100% used [0x00000000eab00000,0x00000000eb200000,0x00000000eb200000)
  from space 512K, 43% used [0x00000000eb480000,0x00000000eb4b8000,0x00000000eb500000)
  to   space 512K, 0% used [0x00000000eb400000,0x00000000eb400000,0x00000000eb480000)
 ParOldGen       total 168960K, used 141222K [0x00000000c0000000, 0x00000000ca500000, 0x00000000eab00000)
  object space 168960K, 83% used [0x00000000c0000000,0x00000000c89e9b20,0x00000000ca500000)
 Metaspace       used 106424K, committed 107776K, reserved 1179648K
  class space    used 10178K, committed 10752K, reserved 1048576K
}
Event: 619714.483 GC heap after
{Heap after GC invocations=27397 (full 560):
 PSYoungGen      total 7680K, used 256K [0x00000000eab00000, 0x00000000eb500000, 0x0000000100000000)
  eden space 7168K, 0% used [0x00000000eab00000,0x00000000eab00000,0x00000000eb200000)
  from space 512K, 50% used [0x00000000eb400000,0x00000000eb440000,0x00000000eb480000)
  to   space 512K, 0% used [0x00000000eb480000,0x00000000eb480000,0x00000000eb500000)
 ParOldGen       total 168960K, used 141222K [0x00000000c0000000, 0x00000000ca500000, 0x00000000eab00000)
  object space 168960K, 83% used [0x00000000c0000000,0x00000000c89e9b20,0x00000000ca500000)
 Metaspace       used 106424K, committed 107776K, reserved 1179648K
  class space    used 10178K, committed 10752K, reserved 1048576K
}
Event: 621674.915 GC heap before
{Heap before GC invocations=27398 (full 560):
 PSYoungGen      total 7680K, used 7423K [0x00000000eab00000, 0x00000000eb500000, 0x0000000100000000)
  eden space 7168K, 99% used [0x00000000eab00000,0x00000000eb1ffff8,0x00000000eb200000)
  from space 512K, 50% used [0x00000000eb400000,0x00000000eb440000,0x00000000eb480000)
  to   space 512K, 0% used [0x00000000eb480000,0x00000000eb480000,0x00000000eb500000)
 ParOldGen       total 168960K, used 141222K [0x00000000c0000000, 0x00000000ca500000, 0x00000000eab00000)
  object space 168960K, 83% used [0x00000000c0000000,0x00000000c89e9b20,0x00000000ca500000)
 Metaspace       used 106664K, committed 108096K, reserved 1179648K
  class space    used 10226K, committed 10816K, reserved 1048576K
}
Event: 621674.919 GC heap after
{Heap after GC invocations=27398 (full 560):
 PSYoungGen      total 7680K, used 501K [0x00000000eab00000, 0x00000000eb500000, 0x0000000100000000)
  eden space 7168K, 0% used [0x00000000eab00000,0x00000000eab00000,0x00000000eb200000)
  from space 512K, 98% used [0x00000000eb480000,0x00000000eb4fd7e0,0x00000000eb500000)
  to   space 1024K, 0% used [0x00000000eb300000,0x00000000eb300000,0x00000000eb400000)
 ParOldGen       total 168960K, used 141483K [0x00000000c0000000, 0x00000000ca500000, 0x00000000eab00000)
  object space 168960K, 83% used [0x00000000c0000000,0x00000000c8a2ae08,0x00000000ca500000)
 Metaspace       used 106664K, committed 108096K, reserved 1179648K
  class space    used 10226K, committed 10816K, reserved 1048576K
}
Event: 621674.932 GC heap before
{Heap before GC invocations=27399 (full 560):
 PSYoungGen      total 7680K, used 7669K [0x00000000eab00000, 0x00000000eb500000, 0x0000000100000000)
  eden space 7168K, 100% used [0x00000000eab00000,0x00000000eb200000,0x00000000eb200000)
  from space 512K, 98% used [0x00000000eb480000,0x00000000eb4fd7e0,0x00000000eb500000)
  to   space 1024K, 0% used [0x00000000eb300000,0x00000000eb300000,0x00000000eb400000)
 ParOldGen       total 168960K, used 141483K [0x00000000c0000000, 0x00000000ca500000, 0x00000000eab00000)
  object space 168960K, 83% used [0x00000000c0000000,0x00000000c8a2ae08,0x00000000ca500000)
 Metaspace       used 106664K, committed 108096K, reserved 1179648K
  class space    used 10226K, committed 10816K, reserved 1048576K
}
Event: 621674.943 GC heap after
{Heap after GC invocations=27399 (full 560):
 PSYoungGen      total 8192K, used 1012K [0x00000000eab00000, 0x00000000ec300000, 0x0000000100000000)
  eden space 7168K, 0% used [0x00000000eab00000,0x00000000eab00000,0x00000000eb200000)
  from space 1024K, 98% used [0x00000000eb300000,0x00000000eb3fd3a8,0x00000000eb400000)
  to   space 8704K, 0% used [0x00000000eba80000,0x00000000eba80000,0x00000000ec300000)
 ParOldGen       total 168960K, used 147858K [0x00000000c0000000, 0x00000000ca500000, 0x00000000eab00000)
  object space 168960K, 87% used [0x00000000c0000000,0x00000000c90649d0,0x00000000ca500000)
 Metaspace       used 106664K, committed 108096K, reserved 1179648K
  class space    used 10226K, committed 10816K, reserved 1048576K
}
Event: 621674.961 GC heap before
{Heap before GC invocations=27400 (full 560):
 PSYoungGen      total 8192K, used 8120K [0x00000000eab00000, 0x00000000ec300000, 0x0000000100000000)
  eden space 7168K, 99% used [0x00000000eab00000,0x00000000eb1f0d40,0x00000000eb200000)
  from space 1024K, 98% used [0x00000000eb300000,0x00000000eb3fd3a8,0x00000000eb400000)
  to   space 8704K, 0% used [0x00000000eba80000,0x00000000eba80000,0x00000000ec300000)
 ParOldGen       total 168960K, used 147858K [0x00000000c0000000, 0x00000000ca500000, 0x00000000eab00000)
  object space 168960K, 87% used [0x00000000c0000000,0x00000000c90649d0,0x00000000ca500000)
 Metaspace       used 106664K, committed 108096K, reserved 1179648K
  class space    used 10226K, committed 10816K, reserved 1048576K
}
Event: 621674.966 GC heap after
{Heap after GC invocations=27400 (full 560):
 PSYoungGen      total 15360K, used 8664K [0x00000000eab00000, 0x00000000ec400000, 0x0000000100000000)
  eden space 6656K, 0% used [0x00000000eab00000,0x00000000eab00000,0x00000000eb180000)
  from space 8704K, 99% used [0x00000000eba80000,0x00000000ec2f6370,0x00000000ec300000)
  to   space 9216K, 0% used [0x00000000eb180000,0x00000000eb180000,0x00000000eba80000)
 ParOldGen       total 168960K, used 147866K [0x00000000c0000000, 0x00000000ca500000, 0x00000000eab00000)
  object space 168960K, 87% used [0x00000000c0000000,0x00000000c90669d0,0x00000000ca500000)
 Metaspace       used 106664K, committed 108096K, reserved 1179648K
  class space    used 10226K, committed 10816K, reserved 1048576K
}
Event: 621675.049 GC heap before
{Heap before GC invocations=27401 (full 560):
 PSYoungGen      total 15360K, used 15320K [0x00000000eab00000, 0x00000000ec400000, 0x0000000100000000)
  eden space 6656K, 100% used [0x00000000eab00000,0x00000000eb180000,0x00000000eb180000)
  from space 8704K, 99% used [0x00000000eba80000,0x00000000ec2f6370,0x00000000ec300000)
  to   space 9216K, 0% used [0x00000000eb180000,0x00000000eb180000,0x00000000eba80000)
 ParOldGen       total 168960K, used 147866K [0x00000000c0000000, 0x00000000ca500000, 0x00000000eab00000)
  object space 168960K, 87% used [0x00000000c0000000,0x00000000c90669d0,0x00000000ca500000)
 Metaspace       used 106664K, committed 108096K, reserved 1179648K
  class space    used 10226K, committed 10816K, reserved 1048576K
}
Event: 621675.053 GC heap after
{Heap after GC invocations=27401 (full 560):
 PSYoungGen      total 13824K, used 7068K [0x00000000eab00000, 0x00000000ec080000, 0x0000000100000000)
  eden space 6656K, 0% used [0x00000000eab00000,0x00000000eab00000,0x00000000eb180000)
  from space 7168K, 98% used [0x00000000eb180000,0x00000000eb8670b0,0x00000000eb880000)
  to   space 7680K, 0% used [0x00000000eb900000,0x00000000eb900000,0x00000000ec080000)
 ParOldGen       total 168960K, used 147866K [0x00000000c0000000, 0x00000000ca500000, 0x00000000eab00000)
  object space 168960K, 87% used [0x00000000c0000000,0x00000000c90669d0,0x00000000ca500000)
 Metaspace       used 106664K, committed 108096K, reserved 1179648K
  class space    used 10226K, committed 10816K, reserved 1048576K
}
Event: 621675.067 GC heap before
{Heap before GC invocations=27402 (full 560):
 PSYoungGen      total 13824K, used 13724K [0x00000000eab00000, 0x00000000ec080000, 0x0000000100000000)
  eden space 6656K, 100% used [0x00000000eab00000,0x00000000eb180000,0x00000000eb180000)
  from space 7168K, 98% used [0x00000000eb180000,0x00000000eb8670b0,0x00000000eb880000)
  to   space 7680K, 0% used [0x00000000eb900000,0x00000000eb900000,0x00000000ec080000)
 ParOldGen       total 168960K, used 147866K [0x00000000c0000000, 0x00000000ca500000, 0x00000000eab00000)
  object space 168960K, 87% used [0x00000000c0000000,0x00000000c90669d0,0x00000000ca500000)
 Metaspace       used 106664K, committed 108096K, reserved 1179648K
  class space    used 10226K, committed 10816K, reserved 1048576K
}
Event: 621675.076 GC heap after
{Heap after GC invocations=27402 (full 560):
 PSYoungGen      total 8192K, used 7676K [0x00000000eab00000, 0x00000000ece80000, 0x0000000100000000)
  eden space 512K, 0% used [0x00000000eab00000,0x00000000eab00000,0x00000000eab80000)
  from space 7680K, 99% used [0x00000000eb900000,0x00000000ec07f0b0,0x00000000ec080000)
  to   space 13824K, 0% used [0x00000000eab80000,0x00000000eab80000,0x00000000eb900000)
 ParOldGen       total 168960K, used 153714K [0x00000000c0000000, 0x00000000ca500000, 0x00000000eab00000)
  object space 168960K, 90% used [0x00000000c0000000,0x00000000c961c9d0,0x00000000ca500000)
 Metaspace       used 106664K, committed 108096K, reserved 1179648K
  class space    used 10226K, committed 10816K, reserved 1048576K
}
Event: 621675.078 GC heap before
{Heap before GC invocations=27403 (full 560):
 PSYoungGen      total 8192K, used 8188K [0x00000000eab00000, 0x00000000ece80000, 0x0000000100000000)
  eden space 512K, 100% used [0x00000000eab00000,0x00000000eab80000,0x00000000eab80000)
  from space 7680K, 99% used [0x00000000eb900000,0x00000000ec07f0b0,0x00000000ec080000)
  to   space 13824K, 0% used [0x00000000eab80000,0x00000000eab80000,0x00000000eb900000)
 ParOldGen       total 168960K, used 153714K [0x00000000c0000000, 0x00000000ca500000, 0x00000000eab00000)
  object space 168960K, 90% used [0x00000000c0000000,0x00000000c961c9d0,0x00000000ca500000)
 Metaspace       used 106664K, committed 108096K, reserved 1179648K
  class space    used 10226K, committed 10816K, reserved 1048576K
}
Event: 621675.082 GC heap after
{Heap after GC invocations=27403 (full 560):
 PSYoungGen      total 9216K, used 8326K [0x00000000eab00000, 0x00000000ec000000, 0x0000000100000000)
  eden space 512K, 0% used [0x00000000eab00000,0x00000000eab00000,0x00000000eab80000)
  from space 8704K, 95% used [0x00000000eab80000,0x00000000eb3a18d0,0x00000000eb400000)
  to   space 10240K, 0% used [0x00000000eb600000,0x00000000eb600000,0x00000000ec000000)
 ParOldGen       total 168960K, used 153880K [0x00000000c0000000, 0x00000000ca500000, 0x00000000eab00000)
  object space 168960K, 91% used [0x00000000c0000000,0x00000000c96461b0,0x00000000ca500000)
 Metaspace       used 106664K, committed 108096K, reserved 1179648K
  class space    used 10226K, committed 10816K, reserved 1048576K
}
Event: 621675.084 GC heap before
{Heap before GC invocations=27404 (full 560):
 PSYoungGen      total 9216K, used 8787K [0x00000000eab00000, 0x00000000ec000000, 0x0000000100000000)
  eden space 512K, 90% used [0x00000000eab00000,0x00000000eab73410,0x00000000eab80000)
  from space 8704K, 95% used [0x00000000eab80000,0x00000000eb3a18d0,0x00000000eb400000)
  to   space 10240K, 0% used [0x00000000eb600000,0x00000000eb600000,0x00000000ec000000)
 ParOldGen       total 168960K, used 153880K [0x00000000c0000000, 0x00000000ca500000, 0x00000000eab00000)
  object space 168960K, 91% used [0x00000000c0000000,0x00000000c96461b0,0x00000000ca500000)
 Metaspace       used 106664K, committed 108096K, reserved 1179648K
  class space    used 10226K, committed 10816K, reserved 1048576K
}
Event: 621675.088 GC heap after
{Heap after GC invocations=27404 (full 560):
 PSYoungGen      total 8192K, used 6729K [0x00000000eab00000, 0x00000000ebd00000, 0x0000000100000000)
  eden space 1024K, 0% used [0x00000000eab00000,0x00000000eab00000,0x00000000eac00000)
  from space 7168K, 93% used [0x00000000eb600000,0x00000000ebc92538,0x00000000ebd00000)
  to   space 7680K, 0% used [0x00000000eae00000,0x00000000eae00000,0x00000000eb580000)
 ParOldGen       total 168960K, used 156168K [0x00000000c0000000, 0x00000000ca500000, 0x00000000eab00000)
  object space 168960K, 92% used [0x00000000c0000000,0x00000000c98821b0,0x00000000ca500000)
 Metaspace       used 106664K, committed 108096K, reserved 1179648K
  class space    used 10226K, committed 10816K, reserved 1048576K
}
Event: 621675.093 GC heap before
{Heap before GC invocations=27405 (full 560):
 PSYoungGen      total 8192K, used 7753K [0x00000000eab00000, 0x00000000ebd00000, 0x0000000100000000)
  eden space 1024K, 99% used [0x00000000eab00000,0x00000000eabffff8,0x00000000eac00000)
  from space 7168K, 93% used [0x00000000eb600000,0x00000000ebc92538,0x00000000ebd00000)
  to   space 7680K, 0% used [0x00000000eae00000,0x00000000eae00000,0x00000000eb580000)
 ParOldGen       total 168960K, used 156168K [0x00000000c0000000, 0x00000000ca500000, 0x00000000eab00000)
  object space 168960K, 92% used [0x00000000c0000000,0x00000000c98821b0,0x00000000ca500000)
 Metaspace       used 106664K, committed 108096K, reserved 1179648K
  class space    used 10226K, committed 10816K, reserved 1048576K
}
Event: 621675.101 GC heap after
{Heap after GC invocations=27405 (full 560):
 PSYoungGen      total 3584K, used 1696K [0x00000000eab00000, 0x00000000eb680000, 0x0000000100000000)
  eden space 1536K, 0% used [0x00000000eab00000,0x00000000eab00000,0x00000000eac80000)
  from space 2048K, 82% used [0x00000000eae00000,0x00000000eafa8000,0x00000000eb000000)
  to   space 4096K, 0% used [0x00000000eb280000,0x00000000eb280000,0x00000000eb680000)
 ParOldGen       total 168960K, used 162057K [0x00000000c0000000, 0x00000000ca500000, 0x00000000eab00000)
  object space 168960K, 95% used [0x00000000c0000000,0x00000000c9e426e8,0x00000000ca500000)
 Metaspace       used 106664K, committed 108096K, reserved 1179648K
  class space    used 10226K, committed 10816K, reserved 1048576K
}
Event: 621675.109 GC heap before
{Heap before GC invocations=27406 (full 560):
 PSYoungGen      total 3584K, used 3232K [0x00000000eab00000, 0x00000000eb680000, 0x0000000100000000)
  eden space 1536K, 100% used [0x00000000eab00000,0x00000000eac80000,0x00000000eac80000)
  from space 2048K, 82% used [0x00000000eae00000,0x00000000eafa8000,0x00000000eb000000)
  to   space 4096K, 0% used [0x00000000eb280000,0x00000000eb280000,0x00000000eb680000)
 ParOldGen       total 168960K, used 162057K [0x00000000c0000000, 0x00000000ca500000, 0x00000000eab00000)
  object space 168960K, 95% used [0x00000000c0000000,0x00000000c9e426e8,0x00000000ca500000)
 Metaspace       used 106664K, committed 108096K, reserved 1179648K
  class space    used 10226K, committed 10816K, reserved 1048576K
}
Event: 621675.112 GC heap after
{Heap after GC invocations=27406 (full 560):
 PSYoungGen      total 4608K, used 2080K [0x00000000eab00000, 0x00000000eb500000, 0x0000000100000000)
  eden space 2048K, 0% used [0x00000000eab00000,0x00000000eab00000,0x00000000ead00000)
  from space 2560K, 81% used [0x00000000eb280000,0x00000000eb488000,0x00000000eb500000)
  to   space 2560K, 0% used [0x00000000eb000000,0x00000000eb000000,0x00000000eb280000)
 ParOldGen       total 168960K, used 162849K [0x00000000c0000000, 0x00000000ca500000, 0x00000000eab00000)
  object space 168960K, 96% used [0x00000000c0000000,0x00000000c9f086e8,0x00000000ca500000)
 Metaspace       used 106664K, committed 108096K, reserved 1179648K
  class space    used 10226K, committed 10816K, reserved 1048576K
}

