# JRE version: OpenJDK Runtime Environment Temurin-17.0.13+11 (17.0.13+11) (build 17.0.13+11)
# Java VM: OpenJDK 64-Bit Server VM Temurin-17.0.13+11 (17.0.13+11, mixed mode, tiered, compressed oops, compressed class ptrs, parallel gc, windows-amd64)
GC Precious Log:
 CPUs: 20 total, 20 available
 Memory: 65277M
 Large Page Support: Disabled
 NUMA Support: Disabled
 Compressed Oops: Enabled (32-bit)
 Alignments: Space 512K, Generation 512K, Heap 2M
 Heap Min Capacity: 100M
 Heap Initial Capacity: 100M
 Heap Max Capacity: 1G
 Pre-touch: Disabled
 Parallel Workers: 15
Heap:
 PSYoungGen      total 9216K, used 2921K [0x00000000eab00000, 0x00000000eb680000, 0x0000000100000000)
  eden space 6656K, 8% used [0x00000000eab00000,0x00000000eab926e0,0x00000000eb180000)
  from space 2560K, 91% used [0x00000000eb180000,0x00000000eb3c8000,0x00000000eb400000)
  to   space 2560K, 0% used [0x00000000eb400000,0x00000000eb400000,0x00000000eb680000)
 ParOldGen       total 97792K, used 62634K [0x00000000c0000000, 0x00000000c5f80000, 0x00000000eab00000)
  object space 97792K, 64% used [0x00000000c0000000,0x00000000c3d2aa10,0x00000000c5f80000)
 Metaspace       used 74678K, committed 76032K, reserved 1179648K
  class space    used 7597K, committed 8192K, reserved 1048576K
GC Heap History (20 events):
Event: 9.922 GC heap before
{Heap before GC invocations=298 (full 10):
 PSYoungGen      total 8704K, used 8319K [0x00000000eab00000, 0x00000000eb580000, 0x0000000100000000)
  eden space 7680K, 99% used [0x00000000eab00000,0x00000000eb27fff8,0x00000000eb280000)
  from space 1024K, 62% used [0x00000000eb280000,0x00000000eb320000,0x00000000eb380000)
  to   space 1024K, 0% used [0x00000000eb480000,0x00000000eb480000,0x00000000eb580000)
 ParOldGen       total 91648K, used 83599K [0x00000000c0000000, 0x00000000c5980000, 0x00000000eab00000)
  object space 91648K, 91% used [0x00000000c0000000,0x00000000c51a3ee0,0x00000000c5980000)
 Metaspace       used 74666K, committed 76032K, reserved 1179648K
  class space    used 7596K, committed 8192K, reserved 1048576K
}
Event: 9.924 GC heap after
{Heap after GC invocations=298 (full 10):
 PSYoungGen      total 8704K, used 608K [0x00000000eab00000, 0x00000000eb580000, 0x0000000100000000)
  eden space 7680K, 0% used [0x00000000eab00000,0x00000000eab00000,0x00000000eb280000)
  from space 1024K, 59% used [0x00000000eb480000,0x00000000eb518000,0x00000000eb580000)
  to   space 1024K, 0% used [0x00000000eb280000,0x00000000eb280000,0x00000000eb380000)
 ParOldGen       total 91648K, used 84062K [0x00000000c0000000, 0x00000000c5980000, 0x00000000eab00000)
  object space 91648K, 91% used [0x00000000c0000000,0x00000000c5217ae0,0x00000000c5980000)
 Metaspace       used 74666K, committed 76032K, reserved 1179648K
  class space    used 7596K, committed 8192K, reserved 1048576K
}
Event: 9.927 GC heap before
{Heap before GC invocations=299 (full 10):
 PSYoungGen      total 8704K, used 8288K [0x00000000eab00000, 0x00000000eb580000, 0x0000000100000000)
  eden space 7680K, 100% used [0x00000000eab00000,0x00000000eb280000,0x00000000eb280000)
  from space 1024K, 59% used [0x00000000eb480000,0x00000000eb518000,0x00000000eb580000)
  to   space 1024K, 0% used [0x00000000eb280000,0x00000000eb280000,0x00000000eb380000)
 ParOldGen       total 91648K, used 84062K [0x00000000c0000000, 0x00000000c5980000, 0x00000000eab00000)
  object space 91648K, 91% used [0x00000000c0000000,0x00000000c5217ae0,0x00000000c5980000)
 Metaspace       used 74666K, committed 76032K, reserved 1179648K
  class space    used 7596K, committed 8192K, reserved 1048576K
}
Event: 9.928 GC heap after
{Heap after GC invocations=299 (full 10):
 PSYoungGen      total 8704K, used 480K [0x00000000eab00000, 0x00000000eb600000, 0x0000000100000000)
  eden space 7680K, 0% used [0x00000000eab00000,0x00000000eab00000,0x00000000eb280000)
  from space 1024K, 46% used [0x00000000eb280000,0x00000000eb2f8000,0x00000000eb380000)
  to   space 1024K, 0% used [0x00000000eb500000,0x00000000eb500000,0x00000000eb600000)
 ParOldGen       total 91648K, used 84294K [0x00000000c0000000, 0x00000000c5980000, 0x00000000eab00000)
  object space 91648K, 91% used [0x00000000c0000000,0x00000000c5251ae0,0x00000000c5980000)
 Metaspace       used 74666K, committed 76032K, reserved 1179648K
  class space    used 7596K, committed 8192K, reserved 1048576K
}
Event: 9.969 GC heap before
{Heap before GC invocations=300 (full 10):
 PSYoungGen      total 8704K, used 8160K [0x00000000eab00000, 0x00000000eb600000, 0x0000000100000000)
  eden space 7680K, 100% used [0x00000000eab00000,0x00000000eb280000,0x00000000eb280000)
  from space 1024K, 46% used [0x00000000eb280000,0x00000000eb2f8000,0x00000000eb380000)
  to   space 1024K, 0% used [0x00000000eb500000,0x00000000eb500000,0x00000000eb600000)
 ParOldGen       total 91648K, used 84297K [0x00000000c0000000, 0x00000000c5980000, 0x00000000eab00000)
  object space 91648K, 91% used [0x00000000c0000000,0x00000000c5252568,0x00000000c5980000)
 Metaspace       used 74667K, committed 76032K, reserved 1179648K
  class space    used 7596K, committed 8192K, reserved 1048576K
}
Event: 9.971 GC heap after
{Heap after GC invocations=300 (full 10):
 PSYoungGen      total 8704K, used 996K [0x00000000eab00000, 0x00000000eb680000, 0x0000000100000000)
  eden space 7680K, 0% used [0x00000000eab00000,0x00000000eab00000,0x00000000eb280000)
  from space 1024K, 97% used [0x00000000eb500000,0x00000000eb5f9000,0x00000000eb600000)
  to   space 2048K, 0% used [0x00000000eb280000,0x00000000eb280000,0x00000000eb480000)
 ParOldGen       total 91648K, used 84817K [0x00000000c0000000, 0x00000000c5980000, 0x00000000eab00000)
  object space 91648K, 92% used [0x00000000c0000000,0x00000000c52d4768,0x00000000c5980000)
 Metaspace       used 74667K, committed 76032K, reserved 1179648K
  class space    used 7596K, committed 8192K, reserved 1048576K
}
Event: 9.985 GC heap before
{Heap before GC invocations=301 (full 10):
 PSYoungGen      total 8704K, used 8676K [0x00000000eab00000, 0x00000000eb680000, 0x0000000100000000)
  eden space 7680K, 100% used [0x00000000eab00000,0x00000000eb280000,0x00000000eb280000)
  from space 1024K, 97% used [0x00000000eb500000,0x00000000eb5f9000,0x00000000eb600000)
  to   space 2048K, 0% used [0x00000000eb280000,0x00000000eb280000,0x00000000eb480000)
 ParOldGen       total 102912K, used 95827K [0x00000000c0000000, 0x00000000c6480000, 0x00000000eab00000)
  object space 102912K, 93% used [0x00000000c0000000,0x00000000c5d94d08,0x00000000c6480000)
 Metaspace       used 74670K, committed 76032K, reserved 1179648K
  class space    used 7596K, committed 8192K, reserved 1048576K
}
Event: 9.987 GC heap after
{Heap after GC invocations=301 (full 10):
 PSYoungGen      total 9728K, used 416K [0x00000000eab00000, 0x00000000eb580000, 0x0000000100000000)
  eden space 7680K, 0% used [0x00000000eab00000,0x00000000eab00000,0x00000000eb280000)
  from space 2048K, 20% used [0x00000000eb280000,0x00000000eb2e8000,0x00000000eb480000)
  to   space 1024K, 0% used [0x00000000eb480000,0x00000000eb480000,0x00000000eb580000)
 ParOldGen       total 102912K, used 96870K [0x00000000c0000000, 0x00000000c6480000, 0x00000000eab00000)
  object space 102912K, 94% used [0x00000000c0000000,0x00000000c5e99b58,0x00000000c6480000)
 Metaspace       used 74670K, committed 76032K, reserved 1179648K
  class space    used 7596K, committed 8192K, reserved 1048576K
}
Event: 9.994 GC heap before
{Heap before GC invocations=302 (full 10):
 PSYoungGen      total 9728K, used 8096K [0x00000000eab00000, 0x00000000eb580000, 0x0000000100000000)
  eden space 7680K, 100% used [0x00000000eab00000,0x00000000eb280000,0x00000000eb280000)
  from space 2048K, 20% used [0x00000000eb280000,0x00000000eb2e8000,0x00000000eb480000)
  to   space 1024K, 0% used [0x00000000eb480000,0x00000000eb480000,0x00000000eb580000)
 ParOldGen       total 102912K, used 96870K [0x00000000c0000000, 0x00000000c6480000, 0x00000000eab00000)
  object space 102912K, 94% used [0x00000000c0000000,0x00000000c5e99b58,0x00000000c6480000)
 Metaspace       used 74670K, committed 76032K, reserved 1179648K
  class space    used 7596K, committed 8192K, reserved 1048576K
}
Event: 9.995 GC heap after
{Heap after GC invocations=302 (full 10):
 PSYoungGen      total 8192K, used 416K [0x00000000eab00000, 0x00000000eb500000, 0x0000000100000000)
  eden space 7680K, 0% used [0x00000000eab00000,0x00000000eab00000,0x00000000eb280000)
  from space 512K, 81% used [0x00000000eb480000,0x00000000eb4e8000,0x00000000eb500000)
  to   space 512K, 0% used [0x00000000eb400000,0x00000000eb400000,0x00000000eb480000)
 ParOldGen       total 102912K, used 97083K [0x00000000c0000000, 0x00000000c6480000, 0x00000000eab00000)
  object space 102912K, 94% used [0x00000000c0000000,0x00000000c5ecefd8,0x00000000c6480000)
 Metaspace       used 74670K, committed 76032K, reserved 1179648K
  class space    used 7596K, committed 8192K, reserved 1048576K
}
Event: 10.032 GC heap before
{Heap before GC invocations=303 (full 10):
 PSYoungGen      total 8192K, used 8096K [0x00000000eab00000, 0x00000000eb500000, 0x0000000100000000)
  eden space 7680K, 100% used [0x00000000eab00000,0x00000000eb280000,0x00000000eb280000)
  from space 512K, 81% used [0x00000000eb480000,0x00000000eb4e8000,0x00000000eb500000)
  to   space 512K, 0% used [0x00000000eb400000,0x00000000eb400000,0x00000000eb480000)
 ParOldGen       total 114176K, used 108093K [0x00000000c0000000, 0x00000000c6f80000, 0x00000000eab00000)
  object space 114176K, 94% used [0x00000000c0000000,0x00000000c698f578,0x00000000c6f80000)
 Metaspace       used 74678K, committed 76032K, reserved 1179648K
  class space    used 7597K, committed 8192K, reserved 1048576K
}
Event: 10.035 GC heap after
{Heap after GC invocations=303 (full 10):
 PSYoungGen      total 8192K, used 502K [0x00000000eab00000, 0x00000000eb780000, 0x0000000100000000)
  eden space 7680K, 0% used [0x00000000eab00000,0x00000000eab00000,0x00000000eb280000)
  from space 512K, 98% used [0x00000000eb400000,0x00000000eb47d9a0,0x00000000eb480000)
  to   space 2560K, 0% used [0x00000000eb500000,0x00000000eb500000,0x00000000eb780000)
 ParOldGen       total 114176K, used 109677K [0x00000000c0000000, 0x00000000c6f80000, 0x00000000eab00000)
  object space 114176K, 96% used [0x00000000c0000000,0x00000000c6b1b578,0x00000000c6f80000)
 Metaspace       used 74678K, committed 76032K, reserved 1179648K
  class space    used 7597K, committed 8192K, reserved 1048576K
}
Event: 10.079 GC heap before
{Heap before GC invocations=304 (full 10):
 PSYoungGen      total 8192K, used 8182K [0x00000000eab00000, 0x00000000eb780000, 0x0000000100000000)
  eden space 7680K, 100% used [0x00000000eab00000,0x00000000eb280000,0x00000000eb280000)
  from space 512K, 98% used [0x00000000eb400000,0x00000000eb47d9a0,0x00000000eb480000)
  to   space 2560K, 0% used [0x00000000eb500000,0x00000000eb500000,0x00000000eb780000)
 ParOldGen       total 114176K, used 109677K [0x00000000c0000000, 0x00000000c6f80000, 0x00000000eab00000)
  object space 114176K, 96% used [0x00000000c0000000,0x00000000c6b1b578,0x00000000c6f80000)
 Metaspace       used 74678K, committed 76032K, reserved 1179648K
  class space    used 7597K, committed 8192K, reserved 1048576K
}
Event: 10.081 GC heap after
{Heap after GC invocations=304 (full 10):
 PSYoungGen      total 9216K, used 2538K [0x00000000eab00000, 0x00000000eb980000, 0x0000000100000000)
  eden space 6656K, 0% used [0x00000000eab00000,0x00000000eab00000,0x00000000eb180000)
  from space 2560K, 99% used [0x00000000eb500000,0x00000000eb77a8f8,0x00000000eb780000)
  to   space 3584K, 0% used [0x00000000eb180000,0x00000000eb180000,0x00000000eb500000)
 ParOldGen       total 114176K, used 110251K [0x00000000c0000000, 0x00000000c6f80000, 0x00000000eab00000)
  object space 114176K, 96% used [0x00000000c0000000,0x00000000c6baaf18,0x00000000c6f80000)
 Metaspace       used 74678K, committed 76032K, reserved 1179648K
  class space    used 7597K, committed 8192K, reserved 1048576K
}
Event: 10.095 GC heap before
{Heap before GC invocations=305 (full 10):
 PSYoungGen      total 9216K, used 9194K [0x00000000eab00000, 0x00000000eb980000, 0x0000000100000000)
  eden space 6656K, 100% used [0x00000000eab00000,0x00000000eb180000,0x00000000eb180000)
  from space 2560K, 99% used [0x00000000eb500000,0x00000000eb77a8f8,0x00000000eb780000)
  to   space 3584K, 0% used [0x00000000eb180000,0x00000000eb180000,0x00000000eb500000)
 ParOldGen       total 114176K, used 110251K [0x00000000c0000000, 0x00000000c6f80000, 0x00000000eab00000)
  object space 114176K, 96% used [0x00000000c0000000,0x00000000c6baaf18,0x00000000c6f80000)
 Metaspace       used 74678K, committed 76032K, reserved 1179648K
  class space    used 7597K, committed 8192K, reserved 1048576K
}
Event: 10.098 GC heap after
{Heap after GC invocations=305 (full 10):
 PSYoungGen      total 8704K, used 1610K [0x00000000eab00000, 0x00000000eb680000, 0x0000000100000000)
  eden space 6656K, 0% used [0x00000000eab00000,0x00000000eab00000,0x00000000eb180000)
  from space 2048K, 78% used [0x00000000eb180000,0x00000000eb3128f8,0x00000000eb380000)
  to   space 2560K, 0% used [0x00000000eb400000,0x00000000eb400000,0x00000000eb680000)
 ParOldGen       total 114176K, used 112491K [0x00000000c0000000, 0x00000000c6f80000, 0x00000000eab00000)
  object space 114176K, 98% used [0x00000000c0000000,0x00000000c6ddaf18,0x00000000c6f80000)
 Metaspace       used 74678K, committed 76032K, reserved 1179648K
  class space    used 7597K, committed 8192K, reserved 1048576K
}
Event: 10.111 GC heap before
{Heap before GC invocations=306 (full 11):
 PSYoungGen      total 8704K, used 8266K [0x00000000eab00000, 0x00000000eb680000, 0x0000000100000000)
  eden space 6656K, 100% used [0x00000000eab00000,0x00000000eb180000,0x00000000eb180000)
  from space 2048K, 78% used [0x00000000eb180000,0x00000000eb3128f8,0x00000000eb380000)
  to   space 2560K, 0% used [0x00000000eb400000,0x00000000eb400000,0x00000000eb680000)
 ParOldGen       total 114176K, used 112491K [0x00000000c0000000, 0x00000000c6f80000, 0x00000000eab00000)
  object space 114176K, 98% used [0x00000000c0000000,0x00000000c6ddaf18,0x00000000c6f80000)
 Metaspace       used 74678K, committed 76032K, reserved 1179648K
  class space    used 7597K, committed 8192K, reserved 1048576K
}
Event: 10.170 GC heap after
{Heap after GC invocations=306 (full 11):
 PSYoungGen      total 9216K, used 0K [0x00000000eab00000, 0x00000000eb680000, 0x0000000100000000)
  eden space 6656K, 0% used [0x00000000eab00000,0x00000000eab00000,0x00000000eb180000)
  from space 2560K, 0% used [0x00000000eb400000,0x00000000eb400000,0x00000000eb680000)
  to   space 2560K, 0% used [0x00000000eb180000,0x00000000eb180000,0x00000000eb400000)
 ParOldGen       total 97792K, used 62634K [0x00000000c0000000, 0x00000000c5f80000, 0x00000000eab00000)
  object space 97792K, 64% used [0x00000000c0000000,0x00000000c3d2aa10,0x00000000c5f80000)
 Metaspace       used 74678K, committed 76032K, reserved 1179648K
  class space    used 7597K, committed 8192K, reserved 1048576K
}
Event: 10.205 GC heap before
{Heap before GC invocations=307 (full 11):
 PSYoungGen      total 9216K, used 6656K [0x00000000eab00000, 0x00000000eb680000, 0x0000000100000000)
  eden space 6656K, 100% used [0x00000000eab00000,0x00000000eb180000,0x00000000eb180000)
  from space 2560K, 0% used [0x00000000eb400000,0x00000000eb400000,0x00000000eb680000)
  to   space 2560K, 0% used [0x00000000eb180000,0x00000000eb180000,0x00000000eb400000)
 ParOldGen       total 97792K, used 62634K [0x00000000c0000000, 0x00000000c5f80000, 0x00000000eab00000)
  object space 97792K, 64% used [0x00000000c0000000,0x00000000c3d2aa10,0x00000000c5f80000)
 Metaspace       used 74678K, committed 76032K, reserved 1179648K
  class space    used 7597K, committed 8192K, reserved 1048576K
}
Event: 10.207 GC heap after
{Heap after GC invocations=307 (full 11):
 PSYoungGen      total 9216K, used 2336K [0x00000000eab00000, 0x00000000eb680000, 0x0000000100000000)
  eden space 6656K, 0% used [0x00000000eab00000,0x00000000eab00000,0x00000000eb180000)
  from space 2560K, 91% used [0x00000000eb180000,0x00000000eb3c8000,0x00000000eb400000)
  to   space 2560K, 0% used [0x00000000eb400000,0x00000000eb400000,0x00000000eb680000)
 ParOldGen       total 97792K, used 62634K [0x00000000c0000000, 0x00000000c5f80000, 0x00000000eab00000)
  object space 97792K, 64% used [0x00000000c0000000,0x00000000c3d2aa10,0x00000000c5f80000)
 Metaspace       used 74678K, committed 76032K, reserved 1179648K
  class space    used 7597K, committed 8192K, reserved 1048576K
}

