# JRE version: OpenJDK Runtime Environment Temurin-17.0.13+11 (17.0.13+11) (build 17.0.13+11)
# Java VM: OpenJDK 64-Bit Server VM Temurin-17.0.13+11 (17.0.13+11, mixed mode, tiered, compressed oops, compressed class ptrs, parallel gc, windows-amd64)
GC Precious Log:
 CPUs: 20 total, 20 available
 Memory: 65277M
 Large Page Support: Disabled
 NUMA Support: Disabled
 Compressed Oops: Enabled (32-bit)
 Alignments: Space 512K, Generation 512K, Heap 2M
 Heap Min Capacity: 100M
 Heap Initial Capacity: 100M
 Heap Max Capacity: 1G
 Pre-touch: Disabled
 Parallel Workers: 15
Heap:
 PSYoungGen      total 2560K, used 2077K [0x00000000eab00000, 0x00000000eaf00000, 0x0000000100000000)
  eden space 1024K, 80% used [0x00000000eab00000,0x00000000eabcf540,0x00000000eac00000)
  from space 1536K, 81% used [0x00000000eac00000,0x00000000ead38000,0x00000000ead80000)
  to   space 1536K, 0% used [0x00000000ead80000,0x00000000ead80000,0x00000000eaf00000)
 ParOldGen       total 88064K, used 67012K [0x00000000c0000000, 0x00000000c5600000, 0x00000000eab00000)
  object space 88064K, 76% used [0x00000000c0000000,0x00000000c41712a8,0x00000000c5600000)
 Metaspace       used 72065K, committed 73216K, reserved 1114112K
  class space    used 7472K, committed 8000K, reserved 1048576K
GC Heap History (20 events):
Event: 19.853 GC heap before
{Heap before GC invocations=448 (full 9):
 PSYoungGen      total 1536K, used 1440K [0x00000000eab00000, 0x00000000ead00000, 0x0000000100000000)
  eden space 1024K, 100% used [0x00000000eab00000,0x00000000eac00000,0x00000000eac00000)
  from space 512K, 81% used [0x00000000eac00000,0x00000000eac68000,0x00000000eac80000)
  to   space 512K, 0% used [0x00000000eac80000,0x00000000eac80000,0x00000000ead00000)
 ParOldGen       total 88064K, used 65396K [0x00000000c0000000, 0x00000000c5600000, 0x00000000eab00000)
  object space 88064K, 74% used [0x00000000c0000000,0x00000000c3fdd018,0x00000000c5600000)
 Metaspace       used 71831K, committed 73024K, reserved 1114112K
  class space    used 7471K, committed 8000K, reserved 1048576K
}
Event: 19.854 GC heap after
{Heap after GC invocations=448 (full 9):
 PSYoungGen      total 1024K, used 512K [0x00000000eab00000, 0x00000000eae00000, 0x0000000100000000)
  eden space 512K, 0% used [0x00000000eab00000,0x00000000eab00000,0x00000000eab80000)
  from space 512K, 100% used [0x00000000eac80000,0x00000000ead00000,0x00000000ead00000)
  to   space 1024K, 0% used [0x00000000eab80000,0x00000000eab80000,0x00000000eac80000)
 ParOldGen       total 88064K, used 65620K [0x00000000c0000000, 0x00000000c5600000, 0x00000000eab00000)
  object space 88064K, 74% used [0x00000000c0000000,0x00000000c4015018,0x00000000c5600000)
 Metaspace       used 71831K, committed 73024K, reserved 1114112K
  class space    used 7471K, committed 8000K, reserved 1048576K
}
Event: 19.865 GC heap before
{Heap before GC invocations=449 (full 9):
 PSYoungGen      total 1024K, used 1024K [0x00000000eab00000, 0x00000000eae00000, 0x0000000100000000)
  eden space 512K, 100% used [0x00000000eab00000,0x00000000eab80000,0x00000000eab80000)
  from space 512K, 100% used [0x00000000eac80000,0x00000000ead00000,0x00000000ead00000)
  to   space 1024K, 0% used [0x00000000eab80000,0x00000000eab80000,0x00000000eac80000)
 ParOldGen       total 88064K, used 65620K [0x00000000c0000000, 0x00000000c5600000, 0x00000000eab00000)
  object space 88064K, 74% used [0x00000000c0000000,0x00000000c4015018,0x00000000c5600000)
 Metaspace       used 71834K, committed 73024K, reserved 1114112K
  class space    used 7471K, committed 8000K, reserved 1048576K
}
Event: 19.866 GC heap after
{Heap after GC invocations=449 (full 9):
 PSYoungGen      total 1536K, used 416K [0x00000000eab00000, 0x00000000ead00000, 0x0000000100000000)
  eden space 512K, 0% used [0x00000000eab00000,0x00000000eab00000,0x00000000eab80000)
  from space 1024K, 40% used [0x00000000eab80000,0x00000000eabe8000,0x00000000eac80000)
  to   space 512K, 0% used [0x00000000eac80000,0x00000000eac80000,0x00000000ead00000)
 ParOldGen       total 88064K, used 65812K [0x00000000c0000000, 0x00000000c5600000, 0x00000000eab00000)
  object space 88064K, 74% used [0x00000000c0000000,0x00000000c4045110,0x00000000c5600000)
 Metaspace       used 71834K, committed 73024K, reserved 1114112K
  class space    used 7471K, committed 8000K, reserved 1048576K
}
Event: 19.899 GC heap before
{Heap before GC invocations=450 (full 9):
 PSYoungGen      total 1536K, used 928K [0x00000000eab00000, 0x00000000ead00000, 0x0000000100000000)
  eden space 512K, 100% used [0x00000000eab00000,0x00000000eab80000,0x00000000eab80000)
  from space 1024K, 40% used [0x00000000eab80000,0x00000000eabe8000,0x00000000eac80000)
  to   space 512K, 0% used [0x00000000eac80000,0x00000000eac80000,0x00000000ead00000)
 ParOldGen       total 88064K, used 65812K [0x00000000c0000000, 0x00000000c5600000, 0x00000000eab00000)
  object space 88064K, 74% used [0x00000000c0000000,0x00000000c4045110,0x00000000c5600000)
 Metaspace       used 71848K, committed 73024K, reserved 1114112K
  class space    used 7471K, committed 8000K, reserved 1048576K
}
Event: 19.900 GC heap after
{Heap after GC invocations=450 (full 9):
 PSYoungGen      total 1536K, used 480K [0x00000000eab00000, 0x00000000ead00000, 0x0000000100000000)
  eden space 1024K, 0% used [0x00000000eab00000,0x00000000eab00000,0x00000000eac00000)
  from space 512K, 93% used [0x00000000eac80000,0x00000000eacf8000,0x00000000ead00000)
  to   space 512K, 0% used [0x00000000eac00000,0x00000000eac00000,0x00000000eac80000)
 ParOldGen       total 88064K, used 65988K [0x00000000c0000000, 0x00000000c5600000, 0x00000000eab00000)
  object space 88064K, 74% used [0x00000000c0000000,0x00000000c40710b0,0x00000000c5600000)
 Metaspace       used 71848K, committed 73024K, reserved 1114112K
  class space    used 7471K, committed 8000K, reserved 1048576K
}
Event: 19.947 GC heap before
{Heap before GC invocations=451 (full 9):
 PSYoungGen      total 1536K, used 1504K [0x00000000eab00000, 0x00000000ead00000, 0x0000000100000000)
  eden space 1024K, 100% used [0x00000000eab00000,0x00000000eac00000,0x00000000eac00000)
  from space 512K, 93% used [0x00000000eac80000,0x00000000eacf8000,0x00000000ead00000)
  to   space 512K, 0% used [0x00000000eac00000,0x00000000eac00000,0x00000000eac80000)
 ParOldGen       total 88064K, used 65988K [0x00000000c0000000, 0x00000000c5600000, 0x00000000eab00000)
  object space 88064K, 74% used [0x00000000c0000000,0x00000000c40710b0,0x00000000c5600000)
 Metaspace       used 71873K, committed 73024K, reserved 1114112K
  class space    used 7471K, committed 8000K, reserved 1048576K
}
Event: 19.949 GC heap after
{Heap after GC invocations=451 (full 9):
 PSYoungGen      total 1536K, used 512K [0x00000000eab00000, 0x00000000eae00000, 0x0000000100000000)
  eden space 1024K, 0% used [0x00000000eab00000,0x00000000eab00000,0x00000000eac00000)
  from space 512K, 100% used [0x00000000eac00000,0x00000000eac80000,0x00000000eac80000)
  to   space 1024K, 0% used [0x00000000ead00000,0x00000000ead00000,0x00000000eae00000)
 ParOldGen       total 88064K, used 66156K [0x00000000c0000000, 0x00000000c5600000, 0x00000000eab00000)
  object space 88064K, 75% used [0x00000000c0000000,0x00000000c409b0b0,0x00000000c5600000)
 Metaspace       used 71873K, committed 73024K, reserved 1114112K
  class space    used 7471K, committed 8000K, reserved 1048576K
}
Event: 19.979 GC heap before
{Heap before GC invocations=452 (full 9):
 PSYoungGen      total 1536K, used 1536K [0x00000000eab00000, 0x00000000eae00000, 0x0000000100000000)
  eden space 1024K, 100% used [0x00000000eab00000,0x00000000eac00000,0x00000000eac00000)
  from space 512K, 100% used [0x00000000eac00000,0x00000000eac80000,0x00000000eac80000)
  to   space 1024K, 0% used [0x00000000ead00000,0x00000000ead00000,0x00000000eae00000)
 ParOldGen       total 88064K, used 66156K [0x00000000c0000000, 0x00000000c5600000, 0x00000000eab00000)
  object space 88064K, 75% used [0x00000000c0000000,0x00000000c409b0b0,0x00000000c5600000)
 Metaspace       used 71936K, committed 73088K, reserved 1114112K
  class space    used 7471K, committed 8000K, reserved 1048576K
}
Event: 19.980 GC heap after
{Heap after GC invocations=452 (full 9):
 PSYoungGen      total 2048K, used 528K [0x00000000eab00000, 0x00000000eae00000, 0x0000000100000000)
  eden space 1024K, 0% used [0x00000000eab00000,0x00000000eab00000,0x00000000eac00000)
  from space 1024K, 51% used [0x00000000ead00000,0x00000000ead84010,0x00000000eae00000)
  to   space 1024K, 0% used [0x00000000eac00000,0x00000000eac00000,0x00000000ead00000)
 ParOldGen       total 88064K, used 66432K [0x00000000c0000000, 0x00000000c5600000, 0x00000000eab00000)
  object space 88064K, 75% used [0x00000000c0000000,0x00000000c40e03a8,0x00000000c5600000)
 Metaspace       used 71936K, committed 73088K, reserved 1114112K
  class space    used 7471K, committed 8000K, reserved 1048576K
}
Event: 20.011 GC heap before
{Heap before GC invocations=453 (full 9):
 PSYoungGen      total 2048K, used 1552K [0x00000000eab00000, 0x00000000eae00000, 0x0000000100000000)
  eden space 1024K, 100% used [0x00000000eab00000,0x00000000eac00000,0x00000000eac00000)
  from space 1024K, 51% used [0x00000000ead00000,0x00000000ead84010,0x00000000eae00000)
  to   space 1024K, 0% used [0x00000000eac00000,0x00000000eac00000,0x00000000ead00000)
 ParOldGen       total 88064K, used 66432K [0x00000000c0000000, 0x00000000c5600000, 0x00000000eab00000)
  object space 88064K, 75% used [0x00000000c0000000,0x00000000c40e03a8,0x00000000c5600000)
 Metaspace       used 71973K, committed 73152K, reserved 1114112K
  class space    used 7471K, committed 8000K, reserved 1048576K
}
Event: 20.012 GC heap after
{Heap after GC invocations=453 (full 9):
 PSYoungGen      total 2048K, used 704K [0x00000000eab00000, 0x00000000eae00000, 0x0000000100000000)
  eden space 1024K, 0% used [0x00000000eab00000,0x00000000eab00000,0x00000000eac00000)
  from space 1024K, 68% used [0x00000000eac00000,0x00000000eacb0000,0x00000000ead00000)
  to   space 1024K, 0% used [0x00000000ead00000,0x00000000ead00000,0x00000000eae00000)
 ParOldGen       total 88064K, used 66432K [0x00000000c0000000, 0x00000000c5600000, 0x00000000eab00000)
  object space 88064K, 75% used [0x00000000c0000000,0x00000000c40e03a8,0x00000000c5600000)
 Metaspace       used 71973K, committed 73152K, reserved 1114112K
  class space    used 7471K, committed 8000K, reserved 1048576K
}
Event: 20.027 GC heap before
{Heap before GC invocations=454 (full 9):
 PSYoungGen      total 2048K, used 1728K [0x00000000eab00000, 0x00000000eae00000, 0x0000000100000000)
  eden space 1024K, 100% used [0x00000000eab00000,0x00000000eac00000,0x00000000eac00000)
  from space 1024K, 68% used [0x00000000eac00000,0x00000000eacb0000,0x00000000ead00000)
  to   space 1024K, 0% used [0x00000000ead00000,0x00000000ead00000,0x00000000eae00000)
 ParOldGen       total 88064K, used 66432K [0x00000000c0000000, 0x00000000c5600000, 0x00000000eab00000)
  object space 88064K, 75% used [0x00000000c0000000,0x00000000c40e03a8,0x00000000c5600000)
 Metaspace       used 71996K, committed 73152K, reserved 1114112K
  class space    used 7471K, committed 8000K, reserved 1048576K
}
Event: 20.028 GC heap after
{Heap after GC invocations=454 (full 9):
 PSYoungGen      total 2048K, used 736K [0x00000000eab00000, 0x00000000eae00000, 0x0000000100000000)
  eden space 1024K, 0% used [0x00000000eab00000,0x00000000eab00000,0x00000000eac00000)
  from space 1024K, 71% used [0x00000000ead00000,0x00000000eadb8000,0x00000000eae00000)
  to   space 1024K, 0% used [0x00000000eac00000,0x00000000eac00000,0x00000000ead00000)
 ParOldGen       total 88064K, used 66432K [0x00000000c0000000, 0x00000000c5600000, 0x00000000eab00000)
  object space 88064K, 75% used [0x00000000c0000000,0x00000000c40e03a8,0x00000000c5600000)
 Metaspace       used 71996K, committed 73152K, reserved 1114112K
  class space    used 7471K, committed 8000K, reserved 1048576K
}
Event: 20.042 GC heap before
{Heap before GC invocations=455 (full 9):
 PSYoungGen      total 2048K, used 1760K [0x00000000eab00000, 0x00000000eae00000, 0x0000000100000000)
  eden space 1024K, 100% used [0x00000000eab00000,0x00000000eac00000,0x00000000eac00000)
  from space 1024K, 71% used [0x00000000ead00000,0x00000000eadb8000,0x00000000eae00000)
  to   space 1024K, 0% used [0x00000000eac00000,0x00000000eac00000,0x00000000ead00000)
 ParOldGen       total 88064K, used 66432K [0x00000000c0000000, 0x00000000c5600000, 0x00000000eab00000)
  object space 88064K, 75% used [0x00000000c0000000,0x00000000c40e03a8,0x00000000c5600000)
 Metaspace       used 71998K, committed 73152K, reserved 1114112K
  class space    used 7471K, committed 8000K, reserved 1048576K
}
Event: 20.043 GC heap after
{Heap after GC invocations=455 (full 9):
 PSYoungGen      total 2048K, used 1008K [0x00000000eab00000, 0x00000000eaf00000, 0x0000000100000000)
  eden space 1024K, 0% used [0x00000000eab00000,0x00000000eab00000,0x00000000eac00000)
  from space 1024K, 98% used [0x00000000eac00000,0x00000000eacfc080,0x00000000ead00000)
  to   space 1536K, 0% used [0x00000000ead80000,0x00000000ead80000,0x00000000eaf00000)
 ParOldGen       total 88064K, used 66432K [0x00000000c0000000, 0x00000000c5600000, 0x00000000eab00000)
  object space 88064K, 75% used [0x00000000c0000000,0x00000000c40e03a8,0x00000000c5600000)
 Metaspace       used 71998K, committed 73152K, reserved 1114112K
  class space    used 7471K, committed 8000K, reserved 1048576K
}
Event: 20.073 GC heap before
{Heap before GC invocations=456 (full 9):
 PSYoungGen      total 2048K, used 2032K [0x00000000eab00000, 0x00000000eaf00000, 0x0000000100000000)
  eden space 1024K, 100% used [0x00000000eab00000,0x00000000eac00000,0x00000000eac00000)
  from space 1024K, 98% used [0x00000000eac00000,0x00000000eacfc080,0x00000000ead00000)
  to   space 1536K, 0% used [0x00000000ead80000,0x00000000ead80000,0x00000000eaf00000)
 ParOldGen       total 88064K, used 66432K [0x00000000c0000000, 0x00000000c5600000, 0x00000000eab00000)
  object space 88064K, 75% used [0x00000000c0000000,0x00000000c40e03a8,0x00000000c5600000)
 Metaspace       used 72022K, committed 73152K, reserved 1114112K
  class space    used 7471K, committed 8000K, reserved 1048576K
}
Event: 20.075 GC heap after
{Heap after GC invocations=456 (full 9):
 PSYoungGen      total 2560K, used 1184K [0x00000000eab00000, 0x00000000eaf00000, 0x0000000100000000)
  eden space 1024K, 0% used [0x00000000eab00000,0x00000000eab00000,0x00000000eac00000)
  from space 1536K, 77% used [0x00000000ead80000,0x00000000eaea8000,0x00000000eaf00000)
  to   space 1536K, 0% used [0x00000000eac00000,0x00000000eac00000,0x00000000ead80000)
 ParOldGen       total 88064K, used 66432K [0x00000000c0000000, 0x00000000c5600000, 0x00000000eab00000)
  object space 88064K, 75% used [0x00000000c0000000,0x00000000c40e03a8,0x00000000c5600000)
 Metaspace       used 72022K, committed 73152K, reserved 1114112K
  class space    used 7471K, committed 8000K, reserved 1048576K
}
Event: 20.119 GC heap before
{Heap before GC invocations=457 (full 9):
 PSYoungGen      total 2560K, used 2208K [0x00000000eab00000, 0x00000000eaf00000, 0x0000000100000000)
  eden space 1024K, 100% used [0x00000000eab00000,0x00000000eac00000,0x00000000eac00000)
  from space 1536K, 77% used [0x00000000ead80000,0x00000000eaea8000,0x00000000eaf00000)
  to   space 1536K, 0% used [0x00000000eac00000,0x00000000eac00000,0x00000000ead80000)
 ParOldGen       total 88064K, used 66432K [0x00000000c0000000, 0x00000000c5600000, 0x00000000eab00000)
  object space 88064K, 75% used [0x00000000c0000000,0x00000000c40e03a8,0x00000000c5600000)
 Metaspace       used 72026K, committed 73152K, reserved 1114112K
  class space    used 7471K, committed 8000K, reserved 1048576K
}
Event: 20.121 GC heap after
{Heap after GC invocations=457 (full 9):
 PSYoungGen      total 2560K, used 1184K [0x00000000eab00000, 0x00000000eaf00000, 0x0000000100000000)
  eden space 1024K, 0% used [0x00000000eab00000,0x00000000eab00000,0x00000000eac00000)
  from space 1536K, 77% used [0x00000000eac00000,0x00000000ead28000,0x00000000ead80000)
  to   space 1536K, 0% used [0x00000000ead80000,0x00000000ead80000,0x00000000eaf00000)
 ParOldGen       total 88064K, used 66668K [0x00000000c0000000, 0x00000000c5600000, 0x00000000eab00000)
  object space 88064K, 75% used [0x00000000c0000000,0x00000000c411b2a8,0x00000000c5600000)
 Metaspace       used 72026K, committed 73152K, reserved 1114112K
  class space    used 7471K, committed 8000K, reserved 1048576K
}

